<?xml version="1.0" encoding="UTF-8"?>
<!-- Generated by org.testng.reporters.JUnitXMLReporter -->
<testsuite hostname="vensakp51" name="verifyToolTipExample.xml" tests="2" failures="0" timestamp="22 Jun 2016 06:03:30 GMT" time="62.488" errors="0">
  <testcase name="@BeforeMethod launchWebPage" time="0.0" classname="TestCases.verifyToolTipExample">
    <failure type="org.openqa.selenium.WebDriverException" message="unknown error: unable to discover open pages
  (Driver info: chromedriver=2.21.371459 (36d3d07f660ff2bc1bf28a75d1cdabed0983e7c4),platform=Windows NT 6.1 SP1 x86_64) (WARNING: The server did not provide any stacktrace information)
Command duration or timeout: 60.82 seconds
Build info: version: &amp;apos;2.53.0&amp;apos;, revision: &amp;apos;35ae25b1534ae328c771e0856c93e187490ca824&amp;apos;, time: &amp;apos;2016-03-15 10:43:46&amp;apos;
System info: host: &amp;apos;vensakp51&amp;apos;, ip: &amp;apos;192.168.8.126&amp;apos;, os.name: &amp;apos;Windows 7&amp;apos;, os.arch: &amp;apos;amd64&amp;apos;, os.version: &amp;apos;6.1&amp;apos;, java.version: &amp;apos;1.8.0_91&amp;apos;
Driver info: org.openqa.selenium.chrome.ChromeDriver">
      <![CDATA[org.openqa.selenium.WebDriverException: unknown error: unable to discover open pages
  (Driver info: chromedriver=2.21.371459 (36d3d07f660ff2bc1bf28a75d1cdabed0983e7c4),platform=Windows NT 6.1 SP1 x86_64) (WARNING: The server did not provide any stacktrace information)
Command duration or timeout: 60.82 seconds
Build info: version: '2.53.0', revision: '35ae25b1534ae328c771e0856c93e187490ca824', time: '2016-03-15 10:43:46'
System info: host: 'vensakp51', ip: '192.168.8.126', os.name: 'Windows 7', os.arch: 'amd64', os.version: '6.1', java.version: '1.8.0_91'
Driver info: org.openqa.selenium.chrome.ChromeDriver
	at org.openqa.selenium.remote.ErrorHandler.createThrowable(ErrorHandler.java:206)
	at org.openqa.selenium.remote.ErrorHandler.throwIfResponseFailed(ErrorHandler.java:158)
	at org.openqa.selenium.remote.RemoteWebDriver.execute(RemoteWebDriver.java:678)
	at org.openqa.selenium.remote.RemoteWebDriver.startSession(RemoteWebDriver.java:249)
	at org.openqa.selenium.remote.RemoteWebDriver.<init>(RemoteWebDriver.java:131)
	at org.openqa.selenium.remote.RemoteWebDriver.<init>(RemoteWebDriver.java:144)
	at org.openqa.selenium.chrome.ChromeDriver.<init>(ChromeDriver.java:170)
	at org.openqa.selenium.chrome.ChromeDriver.<init>(ChromeDriver.java:159)
	at org.openqa.selenium.chrome.ChromeDriver.<init>(ChromeDriver.java:116)
	at TestCases.verifyToolTipExample.launchWebPage(verifyToolTipExample.java:37)
... Removed 39 stack frames]]>
    </failure>
  </testcase> <!-- @BeforeMethod launchWebPage -->
  <testcase name="@AfterMethod closeBrowser" time="0.0" classname="TestCases.verifyToolTipExample">
    <skipped/>
  </testcase> <!-- @AfterMethod closeBrowser -->
  <testcase name="@BeforeMethod launchWebPage" time="0.0" classname="TestCases.verifyToolTipExample">
    <skipped/>
  </testcase> <!-- @BeforeMethod launchWebPage -->
  <testcase name="@AfterMethod closeBrowser" time="0.0" classname="TestCases.verifyToolTipExample">
    <skipped/>
  </testcase> <!-- @AfterMethod closeBrowser -->
  <testcase name="verifyToolTipText_Case1" time="0.004" classname="TestCases.verifyToolTipExample">
    <skipped/>
  </testcase> <!-- verifyToolTipText_Case1 -->
  <testcase name="verifyToolTipText_Case2" time="0.0" classname="TestCases.verifyToolTipExample">
    <skipped/>
  </testcase> <!-- verifyToolTipText_Case2 -->
</testsuite> <!-- verifyToolTipExample.xml -->
